<?xml version="1.0" encoding="utf-8" standalone="no"?>
<!--This file represents the results of running a test suite-->
<test-results name="E:\Projects\ExchangeStudent\Src\ExStudentAddInTest\bin\Debug\ExStudentAddInTest.dll" total="4" errors="0" failures="0" not-run="0" inconclusive="0" ignored="0" skipped="0" invalid="0" date="2012-11-04" time="13:22:54">
  <environment nunit-version="2.5.9.10348" clr-version="2.0.50727.5456" os-version="Microsoft Windows NT 6.1.7601 Service Pack 1" platform="Win32NT" cwd="E:\Projects\ExchangeStudent\Src\ExStudentAddInTest\bin\Debug" machine-name="HUJIE_COMPUTER" user="hujie" user-domain="hujie_computer" />
  <culture-info current-culture="zh-CN" current-uiculture="zh-CN" />
  <test-suite type="Assembly" name="E:\Projects\ExchangeStudent\Src\ExStudentAddInTest\bin\Debug\ExStudentAddInTest.dll" executed="True" result="Success" success="True" time="0.031" asserts="0">
    <results>
      <test-suite type="Namespace" name="ExStudentAddInTest" executed="True" result="Success" success="True" time="0.016" asserts="0">
        <results>
          <test-suite type="TestFixture" name="SheetHelperTest" executed="True" result="Success" success="True" time="0.016" asserts="0">
            <results>
              <test-case name="ExStudentAddInTest.SheetHelperTest.TestGetColumnName" executed="True" result="Success" success="True" time="0.000" asserts="1" />
              <test-case name="ExStudentAddInTest.SheetHelperTest.TestGetColumnNameComplex" executed="True" result="Success" success="True" time="0.000" asserts="1" />
              <test-case name="ExStudentAddInTest.SheetHelperTest.TestGetColumnNumber" executed="True" result="Success" success="True" time="0.000" asserts="1" />
              <test-case name="ExStudentAddInTest.SheetHelperTest.TestGetColumnNumberComplex" executed="True" result="Success" success="True" time="0.000" asserts="1" />
            </results>
          </test-suite>
        </results>
      </test-suite>
    </results>
  </test-suite>
</test-results>